<?xml version="1.0" encoding="UTF-8"?>
<testsuite name="pagina de registro de Utest" tests="1" skipped="0" failures="0" errors="0" timestamp="2021-07-09T16:43:04" hostname="DIEGOMARTINEZ" time="443.047">
  <properties/>
  <testcase name="Registro de usuario nuevo" classname="pagina de registro de Utest" time="443.047"/>
  <system-out><![CDATA[]]></system-out>
  <system-err><![CDATA[[Test worker] WARN net.thucydides.core.steps.BaseStepListener - stepStarted: net.thucydides.core.steps.ExecutedStepDescription@1efcd42d
[Test worker] WARN net.thucydides.core.steps.BaseStepListener - stepStarted: net.thucydides.core.steps.ExecutedStepDescription@72f402cf
[Test worker] WARN net.thucydides.core.steps.BaseStepListener - stepStarted: net.thucydides.core.steps.ExecutedStepDescription@6f9e2d62
jul 09, 2021 11:43:12 AM org.openqa.selenium.remote.DesiredCapabilities chrome
INFORMACIÓN: Using `new ChromeOptions()` is preferred to `DesiredCapabilities.chrome()`
[Test worker] INFO net.serenitybdd.core.webdriver.driverproviders.ProvideNewDriver - Instantiating driver
[Test worker] INFO net.serenitybdd.core.webdriver.driverproviders.ProvideNewDriver - Driver capabilities: Capabilities {acceptInsecureCerts: false, browserName: chrome, chrome.switches: --start-maximized, goog:chromeOptions: {args: [--start-maximized], extensions: []}, loggingPrefs: org.openqa.selenium.logging..., platform: ANY, version: }
Starting ChromeDriver 91.0.4472.19 (1bf021f248676a0b2ab3ee0561d83a59e424c23e-refs/branch-heads/4472@{#288}) on port 39382
Only local connections are allowed.
Please see https://chromedriver.chromium.org/security-considerations for suggestions on keeping ChromeDriver safe.
ChromeDriver was started successfully.
[1625849058.111][WARNING]: Timed out connecting to Chrome, retrying...
[1625849073.658][WARNING]: Timed out connecting to Chrome, retrying...
[1625849089.670][WARNING]: Timed out connecting to Chrome, giving up.
jul 09, 2021 11:45:02 AM org.openqa.selenium.remote.ProtocolHandshake createSession
INFORMACIÓN: Detected dialect: W3C
[Test worker] WARN net.thucydides.core.steps.BaseStepListener - stepFinished: current outcome:Registro de usuario nuevo:Given que ana quiere registrarse en la pagina de Utest [Ana open up [Ana opens the Utest page]]
[Test worker] WARN net.thucydides.core.steps.BaseStepListener - stepStarted: net.thucydides.core.steps.ExecutedStepDescription@1b41da0e
[Test worker] WARN net.thucydides.core.steps.BaseStepListener - stepFinished: current outcome:Registro de usuario nuevo:Given que ana quiere registrarse en la pagina de Utest [Ana open up [Ana opens the Utest page, Ana clicks on button para iniciar el registro]]
[Test worker] WARN net.thucydides.core.steps.BaseStepListener - stepFinished: current outcome:Registro de usuario nuevo:Given que ana quiere registrarse en la pagina de Utest [Ana open up [Ana opens the Utest page, Ana clicks on button para iniciar el registro]]
[Test worker] WARN net.thucydides.core.steps.BaseStepListener - stepFinished: current outcome:Registro de usuario nuevo:Given que ana quiere registrarse en la pagina de Utest [Ana open up [Ana opens the Utest page, Ana clicks on button para iniciar el registro]]
[Test worker] WARN net.thucydides.core.steps.BaseStepListener - stepStarted: net.thucydides.core.steps.ExecutedStepDescription@485a988
[Test worker] WARN net.thucydides.core.steps.BaseStepListener - stepStarted: net.thucydides.core.steps.ExecutedStepDescription@6b705e9
[Test worker] WARN net.thucydides.core.steps.BaseStepListener - stepStarted: net.thucydides.core.steps.ExecutedStepDescription@9e13dfd
[Test worker] WARN net.thucydides.core.steps.BaseStepListener - stepFinished: current outcome:Registro de usuario nuevo:Given que ana quiere registrarse en la pagina de Utest [Ana open up [Ana opens the Utest page, Ana clicks on button para iniciar el registro]], When complete todo el formulario de registro de la pagina de Utest
| strUser | strApellido | strEmail | strMes | strDia | strAnio | strMarcaCel | strVersionCel | strPassword | strConfirmPassword |
| Guillermo | Cuadrado | cuadrado_19@hotmail.com | February | 23 | 1989 | Motorola | Moto G9 Plus | Cuadrado2021 | Cuadrado2021 | [Ana proceso registro [Ana enters 'Guillermo' into Campo para ingresar el nombre]]
[Test worker] WARN net.thucydides.core.steps.BaseStepListener - stepStarted: net.thucydides.core.steps.ExecutedStepDescription@6316bf2f
[Test worker] WARN net.thucydides.core.steps.BaseStepListener - stepFinished: current outcome:Registro de usuario nuevo:Given que ana quiere registrarse en la pagina de Utest [Ana open up [Ana opens the Utest page, Ana clicks on button para iniciar el registro]], When complete todo el formulario de registro de la pagina de Utest
| strUser | strApellido | strEmail | strMes | strDia | strAnio | strMarcaCel | strVersionCel | strPassword | strConfirmPassword |
| Guillermo | Cuadrado | cuadrado_19@hotmail.com | February | 23 | 1989 | Motorola | Moto G9 Plus | Cuadrado2021 | Cuadrado2021 | [Ana proceso registro [Ana enters 'Guillermo' into Campo para ingresar el nombre, Ana enters 'Cuadrado' into Campo para ingresar el apellido]]
[Test worker] WARN net.thucydides.core.steps.BaseStepListener - stepStarted: net.thucydides.core.steps.ExecutedStepDescription@78c12c53
[Test worker] WARN net.thucydides.core.steps.BaseStepListener - stepFinished: current outcome:Registro de usuario nuevo:Given que ana quiere registrarse en la pagina de Utest [Ana open up [Ana opens the Utest page, Ana clicks on button para iniciar el registro]], When complete todo el formulario de registro de la pagina de Utest
| strUser | strApellido | strEmail | strMes | strDia | strAnio | strMarcaCel | strVersionCel | strPassword | strConfirmPassword |
| Guillermo | Cuadrado | cuadrado_19@hotmail.com | February | 23 | 1989 | Motorola | Moto G9 Plus | Cuadrado2021 | Cuadrado2021 | [Ana proceso registro [Ana enters 'Guillermo' into Campo para ingresar el nombre, Ana enters 'Cuadrado' into Campo para ingresar el apellido, Ana enters 'cuadrado_19@hotmail.com' into Campo para ingresar el email]]
[Test worker] WARN net.thucydides.core.steps.BaseStepListener - stepStarted: net.thucydides.core.steps.ExecutedStepDescription@6def5da1
[Test worker] WARN net.thucydides.core.steps.BaseStepListener - stepFinished: current outcome:Registro de usuario nuevo:Given que ana quiere registrarse en la pagina de Utest [Ana open up [Ana opens the Utest page, Ana clicks on button para iniciar el registro]], When complete todo el formulario de registro de la pagina de Utest
| strUser | strApellido | strEmail | strMes | strDia | strAnio | strMarcaCel | strVersionCel | strPassword | strConfirmPassword |
| Guillermo | Cuadrado | cuadrado_19@hotmail.com | February | 23 | 1989 | Motorola | Moto G9 Plus | Cuadrado2021 | Cuadrado2021 | [Ana proceso registro [Ana enters 'Guillermo' into Campo para ingresar el nombre, Ana enters 'Cuadrado' into Campo para ingresar el apellido, Ana enters 'cuadrado_19@hotmail.com' into Campo para ingresar el email, Ana clicks on Seleccion del mes de nacimiento]]
[Test worker] WARN net.thucydides.core.steps.BaseStepListener - stepStarted: net.thucydides.core.steps.ExecutedStepDescription@470b385f
[Test worker] WARN net.thucydides.core.steps.BaseStepListener - stepFinished: current outcome:Registro de usuario nuevo:Given que ana quiere registrarse en la pagina de Utest [Ana open up [Ana opens the Utest page, Ana clicks on button para iniciar el registro]], When complete todo el formulario de registro de la pagina de Utest
| strUser | strApellido | strEmail | strMes | strDia | strAnio | strMarcaCel | strVersionCel | strPassword | strConfirmPassword |
| Guillermo | Cuadrado | cuadrado_19@hotmail.com | February | 23 | 1989 | Motorola | Moto G9 Plus | Cuadrado2021 | Cuadrado2021 | [Ana proceso registro [Ana enters 'Guillermo' into Campo para ingresar el nombre, Ana enters 'Cuadrado' into Campo para ingresar el apellido, Ana enters 'cuadrado_19@hotmail.com' into Campo para ingresar el email, Ana clicks on Seleccion del mes de nacimiento, Ana select February on Seleccion del mes de nacimiento]]
[Test worker] WARN net.thucydides.core.steps.BaseStepListener - stepStarted: net.thucydides.core.steps.ExecutedStepDescription@68edf9ab
[Test worker] WARN net.thucydides.core.steps.BaseStepListener - stepFinished: current outcome:Registro de usuario nuevo:Given que ana quiere registrarse en la pagina de Utest [Ana open up [Ana opens the Utest page, Ana clicks on button para iniciar el registro]], When complete todo el formulario de registro de la pagina de Utest
| strUser | strApellido | strEmail | strMes | strDia | strAnio | strMarcaCel | strVersionCel | strPassword | strConfirmPassword |
| Guillermo | Cuadrado | cuadrado_19@hotmail.com | February | 23 | 1989 | Motorola | Moto G9 Plus | Cuadrado2021 | Cuadrado2021 | [Ana proceso registro [Ana enters 'Guillermo' into Campo para ingresar el nombre, Ana enters 'Cuadrado' into Campo para ingresar el apellido, Ana enters 'cuadrado_19@hotmail.com' into Campo para ingresar el email, Ana clicks on Seleccion del mes de nacimiento, Ana select February on Seleccion del mes de nacimiento, Ana select 23 on Seleccion del dia de nacimiento]]
[Test worker] WARN net.thucydides.core.steps.BaseStepListener - stepStarted: net.thucydides.core.steps.ExecutedStepDescription@64b0eb3
[Test worker] WARN net.thucydides.core.steps.BaseStepListener - stepFinished: current outcome:Registro de usuario nuevo:Given que ana quiere registrarse en la pagina de Utest [Ana open up [Ana opens the Utest page, Ana clicks on button para iniciar el registro]], When complete todo el formulario de registro de la pagina de Utest
| strUser | strApellido | strEmail | strMes | strDia | strAnio | strMarcaCel | strVersionCel | strPassword | strConfirmPassword |
| Guillermo | Cuadrado | cuadrado_19@hotmail.com | February | 23 | 1989 | Motorola | Moto G9 Plus | Cuadrado2021 | Cuadrado2021 | [Ana proceso registro [Ana enters 'Guillermo' into Campo para ingresar el nombre, Ana enters 'Cuadrado' into Campo para ingresar el apellido, Ana enters 'cuadrado_19@hotmail.com' into Campo para ingresar el email, Ana clicks on Seleccion del mes de nacimiento, Ana select February on Seleccion del mes de nacimiento, Ana select 23 on Seleccion del dia de nacimiento, Ana select 1989 on Seleccion del anio de nacimiento]]
[Test worker] WARN net.thucydides.core.steps.BaseStepListener - stepStarted: net.thucydides.core.steps.ExecutedStepDescription@104dff1
[Test worker] WARN net.thucydides.core.steps.BaseStepListener - stepFinished: current outcome:Registro de usuario nuevo:Given que ana quiere registrarse en la pagina de Utest [Ana open up [Ana opens the Utest page, Ana clicks on button para iniciar el registro]], When complete todo el formulario de registro de la pagina de Utest
| strUser | strApellido | strEmail | strMes | strDia | strAnio | strMarcaCel | strVersionCel | strPassword | strConfirmPassword |
| Guillermo | Cuadrado | cuadrado_19@hotmail.com | February | 23 | 1989 | Motorola | Moto G9 Plus | Cuadrado2021 | Cuadrado2021 | [Ana proceso registro [Ana enters 'Guillermo' into Campo para ingresar el nombre, Ana enters 'Cuadrado' into Campo para ingresar el apellido, Ana enters 'cuadrado_19@hotmail.com' into Campo para ingresar el email, Ana clicks on Seleccion del mes de nacimiento, Ana select February on Seleccion del mes de nacimiento, Ana select 23 on Seleccion del dia de nacimiento, Ana select 1989 on Seleccion del anio de nacimiento, Ana clicks on Campo para ingresar el idioma]]
[Test worker] WARN net.thucydides.core.steps.BaseStepListener - stepStarted: net.thucydides.core.steps.ExecutedStepDescription@22b1a18e
[Test worker] WARN net.thucydides.core.steps.BaseStepListener - stepFinished: current outcome:Registro de usuario nuevo:Given que ana quiere registrarse en la pagina de Utest [Ana open up [Ana opens the Utest page, Ana clicks on button para iniciar el registro]], When complete todo el formulario de registro de la pagina de Utest
| strUser | strApellido | strEmail | strMes | strDia | strAnio | strMarcaCel | strVersionCel | strPassword | strConfirmPassword |
| Guillermo | Cuadrado | cuadrado_19@hotmail.com | February | 23 | 1989 | Motorola | Moto G9 Plus | Cuadrado2021 | Cuadrado2021 | [Ana proceso registro [Ana enters 'Guillermo' into Campo para ingresar el nombre, Ana enters 'Cuadrado' into Campo para ingresar el apellido, Ana enters 'cuadrado_19@hotmail.com' into Campo para ingresar el email, Ana clicks on Seleccion del mes de nacimiento, Ana select February on Seleccion del mes de nacimiento, Ana select 23 on Seleccion del dia de nacimiento, Ana select 1989 on Seleccion del anio de nacimiento, Ana clicks on Campo para ingresar el idioma, Ana clicks on Seleccion del idioma]]
[Test worker] WARN net.thucydides.core.steps.BaseStepListener - stepStarted: net.thucydides.core.steps.ExecutedStepDescription@1ac50fb1
[Test worker] WARN net.thucydides.core.steps.BaseStepListener - stepFinished: current outcome:Registro de usuario nuevo:Given que ana quiere registrarse en la pagina de Utest [Ana open up [Ana opens the Utest page, Ana clicks on button para iniciar el registro]], When complete todo el formulario de registro de la pagina de Utest
| strUser | strApellido | strEmail | strMes | strDia | strAnio | strMarcaCel | strVersionCel | strPassword | strConfirmPassword |
| Guillermo | Cuadrado | cuadrado_19@hotmail.com | February | 23 | 1989 | Motorola | Moto G9 Plus | Cuadrado2021 | Cuadrado2021 | [Ana proceso registro [Ana enters 'Guillermo' into Campo para ingresar el nombre, Ana enters 'Cuadrado' into Campo para ingresar el apellido, Ana enters 'cuadrado_19@hotmail.com' into Campo para ingresar el email, Ana clicks on Seleccion del mes de nacimiento, Ana select February on Seleccion del mes de nacimiento, Ana select 23 on Seleccion del dia de nacimiento, Ana select 1989 on Seleccion del anio de nacimiento, Ana clicks on Campo para ingresar el idioma, Ana clicks on Seleccion del idioma, Ana clicks on Primer boton para avanzar al siguiente paso]]
[Test worker] WARN net.thucydides.core.steps.BaseStepListener - stepStarted: net.thucydides.core.steps.ExecutedStepDescription@40190abe
[Test worker] WARN net.thucydides.core.steps.BaseStepListener - stepFinished: current outcome:Registro de usuario nuevo:Given que ana quiere registrarse en la pagina de Utest [Ana open up [Ana opens the Utest page, Ana clicks on button para iniciar el registro]], When complete todo el formulario de registro de la pagina de Utest
| strUser | strApellido | strEmail | strMes | strDia | strAnio | strMarcaCel | strVersionCel | strPassword | strConfirmPassword |
| Guillermo | Cuadrado | cuadrado_19@hotmail.com | February | 23 | 1989 | Motorola | Moto G9 Plus | Cuadrado2021 | Cuadrado2021 | [Ana proceso registro [Ana enters 'Guillermo' into Campo para ingresar el nombre, Ana enters 'Cuadrado' into Campo para ingresar el apellido, Ana enters 'cuadrado_19@hotmail.com' into Campo para ingresar el email, Ana clicks on Seleccion del mes de nacimiento, Ana select February on Seleccion del mes de nacimiento, Ana select 23 on Seleccion del dia de nacimiento, Ana select 1989 on Seleccion del anio de nacimiento, Ana clicks on Campo para ingresar el idioma, Ana clicks on Seleccion del idioma, Ana clicks on Primer boton para avanzar al siguiente paso, Ana esperar]]
[Test worker] WARN net.thucydides.core.steps.BaseStepListener - stepStarted: net.thucydides.core.steps.ExecutedStepDescription@17d99f7
[Test worker] WARN net.thucydides.core.steps.BaseStepListener - stepFinished: current outcome:Registro de usuario nuevo:Given que ana quiere registrarse en la pagina de Utest [Ana open up [Ana opens the Utest page, Ana clicks on button para iniciar el registro]], When complete todo el formulario de registro de la pagina de Utest
| strUser | strApellido | strEmail | strMes | strDia | strAnio | strMarcaCel | strVersionCel | strPassword | strConfirmPassword |
| Guillermo | Cuadrado | cuadrado_19@hotmail.com | February | 23 | 1989 | Motorola | Moto G9 Plus | Cuadrado2021 | Cuadrado2021 | [Ana proceso registro [Ana enters 'Guillermo' into Campo para ingresar el nombre, Ana enters 'Cuadrado' into Campo para ingresar el apellido, Ana enters 'cuadrado_19@hotmail.com' into Campo para ingresar el email, Ana clicks on Seleccion del mes de nacimiento, Ana select February on Seleccion del mes de nacimiento, Ana select 23 on Seleccion del dia de nacimiento, Ana select 1989 on Seleccion del anio de nacimiento, Ana clicks on Campo para ingresar el idioma, Ana clicks on Seleccion del idioma, Ana clicks on Primer boton para avanzar al siguiente paso, Ana esperar, Ana clicks on Campo para el ingreso de la ciudad]]
[Test worker] WARN net.thucydides.core.steps.BaseStepListener - stepStarted: net.thucydides.core.steps.ExecutedStepDescription@5704696f
[Test worker] WARN net.thucydides.core.steps.BaseStepListener - stepFinished: current outcome:Registro de usuario nuevo:Given que ana quiere registrarse en la pagina de Utest [Ana open up [Ana opens the Utest page, Ana clicks on button para iniciar el registro]], When complete todo el formulario de registro de la pagina de Utest
| strUser | strApellido | strEmail | strMes | strDia | strAnio | strMarcaCel | strVersionCel | strPassword | strConfirmPassword |
| Guillermo | Cuadrado | cuadrado_19@hotmail.com | February | 23 | 1989 | Motorola | Moto G9 Plus | Cuadrado2021 | Cuadrado2021 | [Ana proceso registro [Ana enters 'Guillermo' into Campo para ingresar el nombre, Ana enters 'Cuadrado' into Campo para ingresar el apellido, Ana enters 'cuadrado_19@hotmail.com' into Campo para ingresar el email, Ana clicks on Seleccion del mes de nacimiento, Ana select February on Seleccion del mes de nacimiento, Ana select 23 on Seleccion del dia de nacimiento, Ana select 1989 on Seleccion del anio de nacimiento, Ana clicks on Campo para ingresar el idioma, Ana clicks on Seleccion del idioma, Ana clicks on Primer boton para avanzar al siguiente paso, Ana esperar, Ana clicks on Campo para el ingreso de la ciudad, Ana esperar]]
[Test worker] WARN net.thucydides.core.steps.BaseStepListener - stepStarted: net.thucydides.core.steps.ExecutedStepDescription@664d4f56
[Test worker] WARN net.thucydides.core.steps.BaseStepListener - stepFinished: current outcome:Registro de usuario nuevo:Given que ana quiere registrarse en la pagina de Utest [Ana open up [Ana opens the Utest page, Ana clicks on button para iniciar el registro]], When complete todo el formulario de registro de la pagina de Utest
| strUser | strApellido | strEmail | strMes | strDia | strAnio | strMarcaCel | strVersionCel | strPassword | strConfirmPassword |
| Guillermo | Cuadrado | cuadrado_19@hotmail.com | February | 23 | 1989 | Motorola | Moto G9 Plus | Cuadrado2021 | Cuadrado2021 | [Ana proceso registro [Ana enters 'Guillermo' into Campo para ingresar el nombre, Ana enters 'Cuadrado' into Campo para ingresar el apellido, Ana enters 'cuadrado_19@hotmail.com' into Campo para ingresar el email, Ana clicks on Seleccion del mes de nacimiento, Ana select February on Seleccion del mes de nacimiento, Ana select 23 on Seleccion del dia de nacimiento, Ana select 1989 on Seleccion del anio de nacimiento, Ana clicks on Campo para ingresar el idioma, Ana clicks on Seleccion del idioma, Ana clicks on Primer boton para avanzar al siguiente paso, Ana esperar, Ana clicks on Campo para el ingreso de la ciudad, Ana esperar, Ana clicks on Segundo boton para avanzar al siguiente paso]]
[Test worker] WARN net.thucydides.core.steps.BaseStepListener - stepFinished: current outcome:Registro de usuario nuevo:Given que ana quiere registrarse en la pagina de Utest [Ana open up [Ana opens the Utest page, Ana clicks on button para iniciar el registro]], When complete todo el formulario de registro de la pagina de Utest
| strUser | strApellido | strEmail | strMes | strDia | strAnio | strMarcaCel | strVersionCel | strPassword | strConfirmPassword |
| Guillermo | Cuadrado | cuadrado_19@hotmail.com | February | 23 | 1989 | Motorola | Moto G9 Plus | Cuadrado2021 | Cuadrado2021 | [Ana proceso registro [Ana enters 'Guillermo' into Campo para ingresar el nombre, Ana enters 'Cuadrado' into Campo para ingresar el apellido, Ana enters 'cuadrado_19@hotmail.com' into Campo para ingresar el email, Ana clicks on Seleccion del mes de nacimiento, Ana select February on Seleccion del mes de nacimiento, Ana select 23 on Seleccion del dia de nacimiento, Ana select 1989 on Seleccion del anio de nacimiento, Ana clicks on Campo para ingresar el idioma, Ana clicks on Seleccion del idioma, Ana clicks on Primer boton para avanzar al siguiente paso, Ana esperar, Ana clicks on Campo para el ingreso de la ciudad, Ana esperar, Ana clicks on Segundo boton para avanzar al siguiente paso]]
[Test worker] WARN net.thucydides.core.steps.BaseStepListener - stepStarted: net.thucydides.core.steps.ExecutedStepDescription@350c0231
[Test worker] WARN net.thucydides.core.steps.BaseStepListener - stepStarted: net.thucydides.core.steps.ExecutedStepDescription@1cd38e9c
[Test worker] WARN net.thucydides.core.steps.BaseStepListener - stepFinished: current outcome:Registro de usuario nuevo:Given que ana quiere registrarse en la pagina de Utest [Ana open up [Ana opens the Utest page, Ana clicks on button para iniciar el registro]], When complete todo el formulario de registro de la pagina de Utest
| strUser | strApellido | strEmail | strMes | strDia | strAnio | strMarcaCel | strVersionCel | strPassword | strConfirmPassword |
| Guillermo | Cuadrado | cuadrado_19@hotmail.com | February | 23 | 1989 | Motorola | Moto G9 Plus | Cuadrado2021 | Cuadrado2021 | [Ana proceso registro [Ana enters 'Guillermo' into Campo para ingresar el nombre, Ana enters 'Cuadrado' into Campo para ingresar el apellido, Ana enters 'cuadrado_19@hotmail.com' into Campo para ingresar el email, Ana clicks on Seleccion del mes de nacimiento, Ana select February on Seleccion del mes de nacimiento, Ana select 23 on Seleccion del dia de nacimiento, Ana select 1989 on Seleccion del anio de nacimiento, Ana clicks on Campo para ingresar el idioma, Ana clicks on Seleccion del idioma, Ana clicks on Primer boton para avanzar al siguiente paso, Ana esperar, Ana clicks on Campo para el ingreso de la ciudad, Ana esperar, Ana clicks on Segundo boton para avanzar al siguiente paso], Ana proceso registro2 [Ana clicks on Campo para ingresar la marca del movil]]
[Test worker] WARN net.thucydides.core.steps.BaseStepListener - stepStarted: net.thucydides.core.steps.ExecutedStepDescription@4aaab92a
[Test worker] WARN net.thucydides.core.steps.BaseStepListener - stepFinished: current outcome:Registro de usuario nuevo:Given que ana quiere registrarse en la pagina de Utest [Ana open up [Ana opens the Utest page, Ana clicks on button para iniciar el registro]], When complete todo el formulario de registro de la pagina de Utest
| strUser | strApellido | strEmail | strMes | strDia | strAnio | strMarcaCel | strVersionCel | strPassword | strConfirmPassword |
| Guillermo | Cuadrado | cuadrado_19@hotmail.com | February | 23 | 1989 | Motorola | Moto G9 Plus | Cuadrado2021 | Cuadrado2021 | [Ana proceso registro [Ana enters 'Guillermo' into Campo para ingresar el nombre, Ana enters 'Cuadrado' into Campo para ingresar el apellido, Ana enters 'cuadrado_19@hotmail.com' into Campo para ingresar el email, Ana clicks on Seleccion del mes de nacimiento, Ana select February on Seleccion del mes de nacimiento, Ana select 23 on Seleccion del dia de nacimiento, Ana select 1989 on Seleccion del anio de nacimiento, Ana clicks on Campo para ingresar el idioma, Ana clicks on Seleccion del idioma, Ana clicks on Primer boton para avanzar al siguiente paso, Ana esperar, Ana clicks on Campo para el ingreso de la ciudad, Ana esperar, Ana clicks on Segundo boton para avanzar al siguiente paso], Ana proceso registro2 [Ana clicks on Campo para ingresar la marca del movil, Ana enters 'Motorola' then hits [ENTER] into Seleccionar la marca del movil]]
[Test worker] WARN net.thucydides.core.steps.BaseStepListener - stepStarted: net.thucydides.core.steps.ExecutedStepDescription@64b095ca
[Test worker] WARN net.thucydides.core.steps.BaseStepListener - stepFinished: current outcome:Registro de usuario nuevo:Given que ana quiere registrarse en la pagina de Utest [Ana open up [Ana opens the Utest page, Ana clicks on button para iniciar el registro]], When complete todo el formulario de registro de la pagina de Utest
| strUser | strApellido | strEmail | strMes | strDia | strAnio | strMarcaCel | strVersionCel | strPassword | strConfirmPassword |
| Guillermo | Cuadrado | cuadrado_19@hotmail.com | February | 23 | 1989 | Motorola | Moto G9 Plus | Cuadrado2021 | Cuadrado2021 | [Ana proceso registro [Ana enters 'Guillermo' into Campo para ingresar el nombre, Ana enters 'Cuadrado' into Campo para ingresar el apellido, Ana enters 'cuadrado_19@hotmail.com' into Campo para ingresar el email, Ana clicks on Seleccion del mes de nacimiento, Ana select February on Seleccion del mes de nacimiento, Ana select 23 on Seleccion del dia de nacimiento, Ana select 1989 on Seleccion del anio de nacimiento, Ana clicks on Campo para ingresar el idioma, Ana clicks on Seleccion del idioma, Ana clicks on Primer boton para avanzar al siguiente paso, Ana esperar, Ana clicks on Campo para el ingreso de la ciudad, Ana esperar, Ana clicks on Segundo boton para avanzar al siguiente paso], Ana proceso registro2 [Ana clicks on Campo para ingresar la marca del movil, Ana enters 'Motorola' then hits [ENTER] into Seleccionar la marca del movil, Ana clicks on Campo para ingresar la version movil]]
[Test worker] WARN net.thucydides.core.steps.BaseStepListener - stepStarted: net.thucydides.core.steps.ExecutedStepDescription@34dcb9e6
[Test worker] WARN net.thucydides.core.steps.BaseStepListener - stepFinished: current outcome:Registro de usuario nuevo:Given que ana quiere registrarse en la pagina de Utest [Ana open up [Ana opens the Utest page, Ana clicks on button para iniciar el registro]], When complete todo el formulario de registro de la pagina de Utest
| strUser | strApellido | strEmail | strMes | strDia | strAnio | strMarcaCel | strVersionCel | strPassword | strConfirmPassword |
| Guillermo | Cuadrado | cuadrado_19@hotmail.com | February | 23 | 1989 | Motorola | Moto G9 Plus | Cuadrado2021 | Cuadrado2021 | [Ana proceso registro [Ana enters 'Guillermo' into Campo para ingresar el nombre, Ana enters 'Cuadrado' into Campo para ingresar el apellido, Ana enters 'cuadrado_19@hotmail.com' into Campo para ingresar el email, Ana clicks on Seleccion del mes de nacimiento, Ana select February on Seleccion del mes de nacimiento, Ana select 23 on Seleccion del dia de nacimiento, Ana select 1989 on Seleccion del anio de nacimiento, Ana clicks on Campo para ingresar el idioma, Ana clicks on Seleccion del idioma, Ana clicks on Primer boton para avanzar al siguiente paso, Ana esperar, Ana clicks on Campo para el ingreso de la ciudad, Ana esperar, Ana clicks on Segundo boton para avanzar al siguiente paso], Ana proceso registro2 [Ana clicks on Campo para ingresar la marca del movil, Ana enters 'Motorola' then hits [ENTER] into Seleccionar la marca del movil, Ana clicks on Campo para ingresar la version movil, Ana enters 'Moto G9 Plus' then hits [ENTER] into Seleccion version movil]]
[Test worker] WARN net.thucydides.core.steps.BaseStepListener - stepStarted: net.thucydides.core.steps.ExecutedStepDescription@3c82ed38
[Test worker] WARN net.thucydides.core.steps.BaseStepListener - stepFinished: current outcome:Registro de usuario nuevo:Given que ana quiere registrarse en la pagina de Utest [Ana open up [Ana opens the Utest page, Ana clicks on button para iniciar el registro]], When complete todo el formulario de registro de la pagina de Utest
| strUser | strApellido | strEmail | strMes | strDia | strAnio | strMarcaCel | strVersionCel | strPassword | strConfirmPassword |
| Guillermo | Cuadrado | cuadrado_19@hotmail.com | February | 23 | 1989 | Motorola | Moto G9 Plus | Cuadrado2021 | Cuadrado2021 | [Ana proceso registro [Ana enters 'Guillermo' into Campo para ingresar el nombre, Ana enters 'Cuadrado' into Campo para ingresar el apellido, Ana enters 'cuadrado_19@hotmail.com' into Campo para ingresar el email, Ana clicks on Seleccion del mes de nacimiento, Ana select February on Seleccion del mes de nacimiento, Ana select 23 on Seleccion del dia de nacimiento, Ana select 1989 on Seleccion del anio de nacimiento, Ana clicks on Campo para ingresar el idioma, Ana clicks on Seleccion del idioma, Ana clicks on Primer boton para avanzar al siguiente paso, Ana esperar, Ana clicks on Campo para el ingreso de la ciudad, Ana esperar, Ana clicks on Segundo boton para avanzar al siguiente paso], Ana proceso registro2 [Ana clicks on Campo para ingresar la marca del movil, Ana enters 'Motorola' then hits [ENTER] into Seleccionar la marca del movil, Ana clicks on Campo para ingresar la version movil, Ana enters 'Moto G9 Plus' then hits [ENTER] into Seleccion version movil, Ana clicks on Campo para el ingreso del sistema operativo movil]]
[Test worker] WARN net.thucydides.core.steps.BaseStepListener - stepStarted: net.thucydides.core.steps.ExecutedStepDescription@11f23995
[Test worker] WARN net.thucydides.core.steps.BaseStepListener - stepFinished: current outcome:Registro de usuario nuevo:Given que ana quiere registrarse en la pagina de Utest [Ana open up [Ana opens the Utest page, Ana clicks on button para iniciar el registro]], When complete todo el formulario de registro de la pagina de Utest
| strUser | strApellido | strEmail | strMes | strDia | strAnio | strMarcaCel | strVersionCel | strPassword | strConfirmPassword |
| Guillermo | Cuadrado | cuadrado_19@hotmail.com | February | 23 | 1989 | Motorola | Moto G9 Plus | Cuadrado2021 | Cuadrado2021 | [Ana proceso registro [Ana enters 'Guillermo' into Campo para ingresar el nombre, Ana enters 'Cuadrado' into Campo para ingresar el apellido, Ana enters 'cuadrado_19@hotmail.com' into Campo para ingresar el email, Ana clicks on Seleccion del mes de nacimiento, Ana select February on Seleccion del mes de nacimiento, Ana select 23 on Seleccion del dia de nacimiento, Ana select 1989 on Seleccion del anio de nacimiento, Ana clicks on Campo para ingresar el idioma, Ana clicks on Seleccion del idioma, Ana clicks on Primer boton para avanzar al siguiente paso, Ana esperar, Ana clicks on Campo para el ingreso de la ciudad, Ana esperar, Ana clicks on Segundo boton para avanzar al siguiente paso], Ana proceso registro2 [Ana clicks on Campo para ingresar la marca del movil, Ana enters 'Motorola' then hits [ENTER] into Seleccionar la marca del movil, Ana clicks on Campo para ingresar la version movil, Ana enters 'Moto G9 Plus' then hits [ENTER] into Seleccion version movil, Ana clicks on Campo para el ingreso del sistema operativo movil, Ana clicks on Seleccion sistema operativo movil]]
[Test worker] WARN net.thucydides.core.steps.BaseStepListener - stepStarted: net.thucydides.core.steps.ExecutedStepDescription@3add0182
[Test worker] WARN net.thucydides.core.steps.BaseStepListener - stepFinished: current outcome:Registro de usuario nuevo:Given que ana quiere registrarse en la pagina de Utest [Ana open up [Ana opens the Utest page, Ana clicks on button para iniciar el registro]], When complete todo el formulario de registro de la pagina de Utest
| strUser | strApellido | strEmail | strMes | strDia | strAnio | strMarcaCel | strVersionCel | strPassword | strConfirmPassword |
| Guillermo | Cuadrado | cuadrado_19@hotmail.com | February | 23 | 1989 | Motorola | Moto G9 Plus | Cuadrado2021 | Cuadrado2021 | [Ana proceso registro [Ana enters 'Guillermo' into Campo para ingresar el nombre, Ana enters 'Cuadrado' into Campo para ingresar el apellido, Ana enters 'cuadrado_19@hotmail.com' into Campo para ingresar el email, Ana clicks on Seleccion del mes de nacimiento, Ana select February on Seleccion del mes de nacimiento, Ana select 23 on Seleccion del dia de nacimiento, Ana select 1989 on Seleccion del anio de nacimiento, Ana clicks on Campo para ingresar el idioma, Ana clicks on Seleccion del idioma, Ana clicks on Primer boton para avanzar al siguiente paso, Ana esperar, Ana clicks on Campo para el ingreso de la ciudad, Ana esperar, Ana clicks on Segundo boton para avanzar al siguiente paso], Ana proceso registro2 [Ana clicks on Campo para ingresar la marca del movil, Ana enters 'Motorola' then hits [ENTER] into Seleccionar la marca del movil, Ana clicks on Campo para ingresar la version movil, Ana enters 'Moto G9 Plus' then hits [ENTER] into Seleccion version movil, Ana clicks on Campo para el ingreso del sistema operativo movil, Ana clicks on Seleccion sistema operativo movil, Ana clicks on Tercer boton para avanzar al siguiente paso]]
[Test worker] WARN net.thucydides.core.steps.BaseStepListener - stepStarted: net.thucydides.core.steps.ExecutedStepDescription@45302dba
[Test worker] WARN net.thucydides.core.steps.BaseStepListener - stepFinished: current outcome:Registro de usuario nuevo:Given que ana quiere registrarse en la pagina de Utest [Ana open up [Ana opens the Utest page, Ana clicks on button para iniciar el registro]], When complete todo el formulario de registro de la pagina de Utest
| strUser | strApellido | strEmail | strMes | strDia | strAnio | strMarcaCel | strVersionCel | strPassword | strConfirmPassword |
| Guillermo | Cuadrado | cuadrado_19@hotmail.com | February | 23 | 1989 | Motorola | Moto G9 Plus | Cuadrado2021 | Cuadrado2021 | [Ana proceso registro [Ana enters 'Guillermo' into Campo para ingresar el nombre, Ana enters 'Cuadrado' into Campo para ingresar el apellido, Ana enters 'cuadrado_19@hotmail.com' into Campo para ingresar el email, Ana clicks on Seleccion del mes de nacimiento, Ana select February on Seleccion del mes de nacimiento, Ana select 23 on Seleccion del dia de nacimiento, Ana select 1989 on Seleccion del anio de nacimiento, Ana clicks on Campo para ingresar el idioma, Ana clicks on Seleccion del idioma, Ana clicks on Primer boton para avanzar al siguiente paso, Ana esperar, Ana clicks on Campo para el ingreso de la ciudad, Ana esperar, Ana clicks on Segundo boton para avanzar al siguiente paso], Ana proceso registro2 [Ana clicks on Campo para ingresar la marca del movil, Ana enters 'Motorola' then hits [ENTER] into Seleccionar la marca del movil, Ana clicks on Campo para ingresar la version movil, Ana enters 'Moto G9 Plus' then hits [ENTER] into Seleccion version movil, Ana clicks on Campo para el ingreso del sistema operativo movil, Ana clicks on Seleccion sistema operativo movil, Ana clicks on Tercer boton para avanzar al siguiente paso, Ana enters 'Cuadrado2021' into Campo para ingresar la contrasena]]
[Test worker] WARN net.thucydides.core.steps.BaseStepListener - stepStarted: net.thucydides.core.steps.ExecutedStepDescription@74e5c46b
[Test worker] WARN net.thucydides.core.steps.BaseStepListener - stepFinished: current outcome:Registro de usuario nuevo:Given que ana quiere registrarse en la pagina de Utest [Ana open up [Ana opens the Utest page, Ana clicks on button para iniciar el registro]], When complete todo el formulario de registro de la pagina de Utest
| strUser | strApellido | strEmail | strMes | strDia | strAnio | strMarcaCel | strVersionCel | strPassword | strConfirmPassword |
| Guillermo | Cuadrado | cuadrado_19@hotmail.com | February | 23 | 1989 | Motorola | Moto G9 Plus | Cuadrado2021 | Cuadrado2021 | [Ana proceso registro [Ana enters 'Guillermo' into Campo para ingresar el nombre, Ana enters 'Cuadrado' into Campo para ingresar el apellido, Ana enters 'cuadrado_19@hotmail.com' into Campo para ingresar el email, Ana clicks on Seleccion del mes de nacimiento, Ana select February on Seleccion del mes de nacimiento, Ana select 23 on Seleccion del dia de nacimiento, Ana select 1989 on Seleccion del anio de nacimiento, Ana clicks on Campo para ingresar el idioma, Ana clicks on Seleccion del idioma, Ana clicks on Primer boton para avanzar al siguiente paso, Ana esperar, Ana clicks on Campo para el ingreso de la ciudad, Ana esperar, Ana clicks on Segundo boton para avanzar al siguiente paso], Ana proceso registro2 [Ana clicks on Campo para ingresar la marca del movil, Ana enters 'Motorola' then hits [ENTER] into Seleccionar la marca del movil, Ana clicks on Campo para ingresar la version movil, Ana enters 'Moto G9 Plus' then hits [ENTER] into Seleccion version movil, Ana clicks on Campo para el ingreso del sistema operativo movil, Ana clicks on Seleccion sistema operativo movil, Ana clicks on Tercer boton para avanzar al siguiente paso, Ana enters 'Cuadrado2021' into Campo para ingresar la contrasena, Ana enters 'Cuadrado2021' into Campo para ingresar la confirmacion de la contrasena]]
[Test worker] WARN net.thucydides.core.steps.BaseStepListener - stepStarted: net.thucydides.core.steps.ExecutedStepDescription@54a21076
[Test worker] WARN net.thucydides.core.steps.BaseStepListener - stepFinished: current outcome:Registro de usuario nuevo:Given que ana quiere registrarse en la pagina de Utest [Ana open up [Ana opens the Utest page, Ana clicks on button para iniciar el registro]], When complete todo el formulario de registro de la pagina de Utest
| strUser | strApellido | strEmail | strMes | strDia | strAnio | strMarcaCel | strVersionCel | strPassword | strConfirmPassword |
| Guillermo | Cuadrado | cuadrado_19@hotmail.com | February | 23 | 1989 | Motorola | Moto G9 Plus | Cuadrado2021 | Cuadrado2021 | [Ana proceso registro [Ana enters 'Guillermo' into Campo para ingresar el nombre, Ana enters 'Cuadrado' into Campo para ingresar el apellido, Ana enters 'cuadrado_19@hotmail.com' into Campo para ingresar el email, Ana clicks on Seleccion del mes de nacimiento, Ana select February on Seleccion del mes de nacimiento, Ana select 23 on Seleccion del dia de nacimiento, Ana select 1989 on Seleccion del anio de nacimiento, Ana clicks on Campo para ingresar el idioma, Ana clicks on Seleccion del idioma, Ana clicks on Primer boton para avanzar al siguiente paso, Ana esperar, Ana clicks on Campo para el ingreso de la ciudad, Ana esperar, Ana clicks on Segundo boton para avanzar al siguiente paso], Ana proceso registro2 [Ana clicks on Campo para ingresar la marca del movil, Ana enters 'Motorola' then hits [ENTER] into Seleccionar la marca del movil, Ana clicks on Campo para ingresar la version movil, Ana enters 'Moto G9 Plus' then hits [ENTER] into Seleccion version movil, Ana clicks on Campo para el ingreso del sistema operativo movil, Ana clicks on Seleccion sistema operativo movil, Ana clicks on Tercer boton para avanzar al siguiente paso, Ana enters 'Cuadrado2021' into Campo para ingresar la contrasena, Ana enters 'Cuadrado2021' into Campo para ingresar la confirmacion de la contrasena, Ana clicks on Checkbox para terminos]]
[Test worker] WARN net.thucydides.core.steps.BaseStepListener - stepStarted: net.thucydides.core.steps.ExecutedStepDescription@12b82122
[Test worker] WARN net.thucydides.core.steps.BaseStepListener - stepFinished: current outcome:Registro de usuario nuevo:Given que ana quiere registrarse en la pagina de Utest [Ana open up [Ana opens the Utest page, Ana clicks on button para iniciar el registro]], When complete todo el formulario de registro de la pagina de Utest
| strUser | strApellido | strEmail | strMes | strDia | strAnio | strMarcaCel | strVersionCel | strPassword | strConfirmPassword |
| Guillermo | Cuadrado | cuadrado_19@hotmail.com | February | 23 | 1989 | Motorola | Moto G9 Plus | Cuadrado2021 | Cuadrado2021 | [Ana proceso registro [Ana enters 'Guillermo' into Campo para ingresar el nombre, Ana enters 'Cuadrado' into Campo para ingresar el apellido, Ana enters 'cuadrado_19@hotmail.com' into Campo para ingresar el email, Ana clicks on Seleccion del mes de nacimiento, Ana select February on Seleccion del mes de nacimiento, Ana select 23 on Seleccion del dia de nacimiento, Ana select 1989 on Seleccion del anio de nacimiento, Ana clicks on Campo para ingresar el idioma, Ana clicks on Seleccion del idioma, Ana clicks on Primer boton para avanzar al siguiente paso, Ana esperar, Ana clicks on Campo para el ingreso de la ciudad, Ana esperar, Ana clicks on Segundo boton para avanzar al siguiente paso], Ana proceso registro2 [Ana clicks on Campo para ingresar la marca del movil, Ana enters 'Motorola' then hits [ENTER] into Seleccionar la marca del movil, Ana clicks on Campo para ingresar la version movil, Ana enters 'Moto G9 Plus' then hits [ENTER] into Seleccion version movil, Ana clicks on Campo para el ingreso del sistema operativo movil, Ana clicks on Seleccion sistema operativo movil, Ana clicks on Tercer boton para avanzar al siguiente paso, Ana enters 'Cuadrado2021' into Campo para ingresar la contrasena, Ana enters 'Cuadrado2021' into Campo para ingresar la confirmacion de la contrasena, Ana clicks on Checkbox para terminos, Ana clicks on Checkbox para politicas]]
[Test worker] WARN net.thucydides.core.steps.BaseStepListener - stepFinished: current outcome:Registro de usuario nuevo:Given que ana quiere registrarse en la pagina de Utest [Ana open up [Ana opens the Utest page, Ana clicks on button para iniciar el registro]], When complete todo el formulario de registro de la pagina de Utest
| strUser | strApellido | strEmail | strMes | strDia | strAnio | strMarcaCel | strVersionCel | strPassword | strConfirmPassword |
| Guillermo | Cuadrado | cuadrado_19@hotmail.com | February | 23 | 1989 | Motorola | Moto G9 Plus | Cuadrado2021 | Cuadrado2021 | [Ana proceso registro [Ana enters 'Guillermo' into Campo para ingresar el nombre, Ana enters 'Cuadrado' into Campo para ingresar el apellido, Ana enters 'cuadrado_19@hotmail.com' into Campo para ingresar el email, Ana clicks on Seleccion del mes de nacimiento, Ana select February on Seleccion del mes de nacimiento, Ana select 23 on Seleccion del dia de nacimiento, Ana select 1989 on Seleccion del anio de nacimiento, Ana clicks on Campo para ingresar el idioma, Ana clicks on Seleccion del idioma, Ana clicks on Primer boton para avanzar al siguiente paso, Ana esperar, Ana clicks on Campo para el ingreso de la ciudad, Ana esperar, Ana clicks on Segundo boton para avanzar al siguiente paso], Ana proceso registro2 [Ana clicks on Campo para ingresar la marca del movil, Ana enters 'Motorola' then hits [ENTER] into Seleccionar la marca del movil, Ana clicks on Campo para ingresar la version movil, Ana enters 'Moto G9 Plus' then hits [ENTER] into Seleccion version movil, Ana clicks on Campo para el ingreso del sistema operativo movil, Ana clicks on Seleccion sistema operativo movil, Ana clicks on Tercer boton para avanzar al siguiente paso, Ana enters 'Cuadrado2021' into Campo para ingresar la contrasena, Ana enters 'Cuadrado2021' into Campo para ingresar la confirmacion de la contrasena, Ana clicks on Checkbox para terminos, Ana clicks on Checkbox para politicas]]
[Test worker] WARN net.thucydides.core.steps.BaseStepListener - stepFinished: current outcome:Registro de usuario nuevo:Given que ana quiere registrarse en la pagina de Utest [Ana open up [Ana opens the Utest page, Ana clicks on button para iniciar el registro]], When complete todo el formulario de registro de la pagina de Utest
| strUser | strApellido | strEmail | strMes | strDia | strAnio | strMarcaCel | strVersionCel | strPassword | strConfirmPassword |
| Guillermo | Cuadrado | cuadrado_19@hotmail.com | February | 23 | 1989 | Motorola | Moto G9 Plus | Cuadrado2021 | Cuadrado2021 | [Ana proceso registro [Ana enters 'Guillermo' into Campo para ingresar el nombre, Ana enters 'Cuadrado' into Campo para ingresar el apellido, Ana enters 'cuadrado_19@hotmail.com' into Campo para ingresar el email, Ana clicks on Seleccion del mes de nacimiento, Ana select February on Seleccion del mes de nacimiento, Ana select 23 on Seleccion del dia de nacimiento, Ana select 1989 on Seleccion del anio de nacimiento, Ana clicks on Campo para ingresar el idioma, Ana clicks on Seleccion del idioma, Ana clicks on Primer boton para avanzar al siguiente paso, Ana esperar, Ana clicks on Campo para el ingreso de la ciudad, Ana esperar, Ana clicks on Segundo boton para avanzar al siguiente paso], Ana proceso registro2 [Ana clicks on Campo para ingresar la marca del movil, Ana enters 'Motorola' then hits [ENTER] into Seleccionar la marca del movil, Ana clicks on Campo para ingresar la version movil, Ana enters 'Moto G9 Plus' then hits [ENTER] into Seleccion version movil, Ana clicks on Campo para el ingreso del sistema operativo movil, Ana clicks on Seleccion sistema operativo movil, Ana clicks on Tercer boton para avanzar al siguiente paso, Ana enters 'Cuadrado2021' into Campo para ingresar la contrasena, Ana enters 'Cuadrado2021' into Campo para ingresar la confirmacion de la contrasena, Ana clicks on Checkbox para terminos, Ana clicks on Checkbox para politicas]]
[Test worker] WARN net.thucydides.core.steps.BaseStepListener - stepStarted: net.thucydides.core.steps.ExecutedStepDescription@548a68f5
[Test worker] WARN net.thucydides.core.steps.BaseStepListener - stepStarted: net.thucydides.core.steps.ExecutedStepDescription@1fca4aa3
[Test worker] WARN net.thucydides.core.steps.BaseStepListener - stepFinished: current outcome:Registro de usuario nuevo:Given que ana quiere registrarse en la pagina de Utest [Ana open up [Ana opens the Utest page, Ana clicks on button para iniciar el registro]], When complete todo el formulario de registro de la pagina de Utest
| strUser | strApellido | strEmail | strMes | strDia | strAnio | strMarcaCel | strVersionCel | strPassword | strConfirmPassword |
| Guillermo | Cuadrado | cuadrado_19@hotmail.com | February | 23 | 1989 | Motorola | Moto G9 Plus | Cuadrado2021 | Cuadrado2021 | [Ana proceso registro [Ana enters 'Guillermo' into Campo para ingresar el nombre, Ana enters 'Cuadrado' into Campo para ingresar el apellido, Ana enters 'cuadrado_19@hotmail.com' into Campo para ingresar el email, Ana clicks on Seleccion del mes de nacimiento, Ana select February on Seleccion del mes de nacimiento, Ana select 23 on Seleccion del dia de nacimiento, Ana select 1989 on Seleccion del anio de nacimiento, Ana clicks on Campo para ingresar el idioma, Ana clicks on Seleccion del idioma, Ana clicks on Primer boton para avanzar al siguiente paso, Ana esperar, Ana clicks on Campo para el ingreso de la ciudad, Ana esperar, Ana clicks on Segundo boton para avanzar al siguiente paso], Ana proceso registro2 [Ana clicks on Campo para ingresar la marca del movil, Ana enters 'Motorola' then hits [ENTER] into Seleccionar la marca del movil, Ana clicks on Campo para ingresar la version movil, Ana enters 'Moto G9 Plus' then hits [ENTER] into Seleccion version movil, Ana clicks on Campo para el ingreso del sistema operativo movil, Ana clicks on Seleccion sistema operativo movil, Ana clicks on Tercer boton para avanzar al siguiente paso, Ana enters 'Cuadrado2021' into Campo para ingresar la contrasena, Ana enters 'Cuadrado2021' into Campo para ingresar la confirmacion de la contrasena, Ana clicks on Checkbox para terminos, Ana clicks on Checkbox para politicas]], Then podra ver el contenido de la pagina
| strMensaje |
| The last step | [Then valida registro]
[Test worker] WARN net.thucydides.core.steps.BaseStepListener - stepFinished: current outcome:Registro de usuario nuevo:Given que ana quiere registrarse en la pagina de Utest [Ana open up [Ana opens the Utest page, Ana clicks on button para iniciar el registro]], When complete todo el formulario de registro de la pagina de Utest
| strUser | strApellido | strEmail | strMes | strDia | strAnio | strMarcaCel | strVersionCel | strPassword | strConfirmPassword |
| Guillermo | Cuadrado | cuadrado_19@hotmail.com | February | 23 | 1989 | Motorola | Moto G9 Plus | Cuadrado2021 | Cuadrado2021 | [Ana proceso registro [Ana enters 'Guillermo' into Campo para ingresar el nombre, Ana enters 'Cuadrado' into Campo para ingresar el apellido, Ana enters 'cuadrado_19@hotmail.com' into Campo para ingresar el email, Ana clicks on Seleccion del mes de nacimiento, Ana select February on Seleccion del mes de nacimiento, Ana select 23 on Seleccion del dia de nacimiento, Ana select 1989 on Seleccion del anio de nacimiento, Ana clicks on Campo para ingresar el idioma, Ana clicks on Seleccion del idioma, Ana clicks on Primer boton para avanzar al siguiente paso, Ana esperar, Ana clicks on Campo para el ingreso de la ciudad, Ana esperar, Ana clicks on Segundo boton para avanzar al siguiente paso], Ana proceso registro2 [Ana clicks on Campo para ingresar la marca del movil, Ana enters 'Motorola' then hits [ENTER] into Seleccionar la marca del movil, Ana clicks on Campo para ingresar la version movil, Ana enters 'Moto G9 Plus' then hits [ENTER] into Seleccion version movil, Ana clicks on Campo para el ingreso del sistema operativo movil, Ana clicks on Seleccion sistema operativo movil, Ana clicks on Tercer boton para avanzar al siguiente paso, Ana enters 'Cuadrado2021' into Campo para ingresar la contrasena, Ana enters 'Cuadrado2021' into Campo para ingresar la confirmacion de la contrasena, Ana clicks on Checkbox para terminos, Ana clicks on Checkbox para politicas]], Then podra ver el contenido de la pagina
| strMensaje |
| The last step | [Then valida registro]
[Test worker] WARN net.thucydides.core.steps.BaseStepListener - testFinished: Registro de usuario nuevo:Given que ana quiere registrarse en la pagina de Utest [Ana open up [Ana opens the Utest page, Ana clicks on button para iniciar el registro]], When complete todo el formulario de registro de la pagina de Utest
| strUser | strApellido | strEmail | strMes | strDia | strAnio | strMarcaCel | strVersionCel | strPassword | strConfirmPassword |
| Guillermo | Cuadrado | cuadrado_19@hotmail.com | February | 23 | 1989 | Motorola | Moto G9 Plus | Cuadrado2021 | Cuadrado2021 | [Ana proceso registro [Ana enters 'Guillermo' into Campo para ingresar el nombre, Ana enters 'Cuadrado' into Campo para ingresar el apellido, Ana enters 'cuadrado_19@hotmail.com' into Campo para ingresar el email, Ana clicks on Seleccion del mes de nacimiento, Ana select February on Seleccion del mes de nacimiento, Ana select 23 on Seleccion del dia de nacimiento, Ana select 1989 on Seleccion del anio de nacimiento, Ana clicks on Campo para ingresar el idioma, Ana clicks on Seleccion del idioma, Ana clicks on Primer boton para avanzar al siguiente paso, Ana esperar, Ana clicks on Campo para el ingreso de la ciudad, Ana esperar, Ana clicks on Segundo boton para avanzar al siguiente paso], Ana proceso registro2 [Ana clicks on Campo para ingresar la marca del movil, Ana enters 'Motorola' then hits [ENTER] into Seleccionar la marca del movil, Ana clicks on Campo para ingresar la version movil, Ana enters 'Moto G9 Plus' then hits [ENTER] into Seleccion version movil, Ana clicks on Campo para el ingreso del sistema operativo movil, Ana clicks on Seleccion sistema operativo movil, Ana clicks on Tercer boton para avanzar al siguiente paso, Ana enters 'Cuadrado2021' into Campo para ingresar la contrasena, Ana enters 'Cuadrado2021' into Campo para ingresar la confirmacion de la contrasena, Ana clicks on Checkbox para terminos, Ana clicks on Checkbox para politicas]], Then podra ver el contenido de la pagina
| strMensaje |
| The last step | [Then valida registro]
[Test worker] WARN net.thucydides.core.steps.BaseStepListener - TestOutcomes: [Registro de usuario nuevo:Given que ana quiere registrarse en la pagina de Utest [Ana open up [Ana opens the Utest page, Ana clicks on button para iniciar el registro]], When complete todo el formulario de registro de la pagina de Utest
| strUser | strApellido | strEmail | strMes | strDia | strAnio | strMarcaCel | strVersionCel | strPassword | strConfirmPassword |
| Guillermo | Cuadrado | cuadrado_19@hotmail.com | February | 23 | 1989 | Motorola | Moto G9 Plus | Cuadrado2021 | Cuadrado2021 | [Ana proceso registro [Ana enters 'Guillermo' into Campo para ingresar el nombre, Ana enters 'Cuadrado' into Campo para ingresar el apellido, Ana enters 'cuadrado_19@hotmail.com' into Campo para ingresar el email, Ana clicks on Seleccion del mes de nacimiento, Ana select February on Seleccion del mes de nacimiento, Ana select 23 on Seleccion del dia de nacimiento, Ana select 1989 on Seleccion del anio de nacimiento, Ana clicks on Campo para ingresar el idioma, Ana clicks on Seleccion del idioma, Ana clicks on Primer boton para avanzar al siguiente paso, Ana esperar, Ana clicks on Campo para el ingreso de la ciudad, Ana esperar, Ana clicks on Segundo boton para avanzar al siguiente paso], Ana proceso registro2 [Ana clicks on Campo para ingresar la marca del movil, Ana enters 'Motorola' then hits [ENTER] into Seleccionar la marca del movil, Ana clicks on Campo para ingresar la version movil, Ana enters 'Moto G9 Plus' then hits [ENTER] into Seleccion version movil, Ana clicks on Campo para el ingreso del sistema operativo movil, Ana clicks on Seleccion sistema operativo movil, Ana clicks on Tercer boton para avanzar al siguiente paso, Ana enters 'Cuadrado2021' into Campo para ingresar la contrasena, Ana enters 'Cuadrado2021' into Campo para ingresar la confirmacion de la contrasena, Ana clicks on Checkbox para terminos, Ana clicks on Checkbox para politicas]], Then podra ver el contenido de la pagina
| strMensaje |
| The last step | [Then valida registro]]
[Test worker] WARN net.thucydides.core.steps.BaseStepListener - Final testOutcomes: [Registro de usuario nuevo:Given que ana quiere registrarse en la pagina de Utest [Ana open up [Ana opens the Utest page, Ana clicks on button para iniciar el registro]], When complete todo el formulario de registro de la pagina de Utest
| strUser | strApellido | strEmail | strMes | strDia | strAnio | strMarcaCel | strVersionCel | strPassword | strConfirmPassword |
| Guillermo | Cuadrado | cuadrado_19@hotmail.com | February | 23 | 1989 | Motorola | Moto G9 Plus | Cuadrado2021 | Cuadrado2021 | [Ana proceso registro [Ana enters 'Guillermo' into Campo para ingresar el nombre, Ana enters 'Cuadrado' into Campo para ingresar el apellido, Ana enters 'cuadrado_19@hotmail.com' into Campo para ingresar el email, Ana clicks on Seleccion del mes de nacimiento, Ana select February on Seleccion del mes de nacimiento, Ana select 23 on Seleccion del dia de nacimiento, Ana select 1989 on Seleccion del anio de nacimiento, Ana clicks on Campo para ingresar el idioma, Ana clicks on Seleccion del idioma, Ana clicks on Primer boton para avanzar al siguiente paso, Ana esperar, Ana clicks on Campo para el ingreso de la ciudad, Ana esperar, Ana clicks on Segundo boton para avanzar al siguiente paso], Ana proceso registro2 [Ana clicks on Campo para ingresar la marca del movil, Ana enters 'Motorola' then hits [ENTER] into Seleccionar la marca del movil, Ana clicks on Campo para ingresar la version movil, Ana enters 'Moto G9 Plus' then hits [ENTER] into Seleccion version movil, Ana clicks on Campo para el ingreso del sistema operativo movil, Ana clicks on Seleccion sistema operativo movil, Ana clicks on Tercer boton para avanzar al siguiente paso, Ana enters 'Cuadrado2021' into Campo para ingresar la contrasena, Ana enters 'Cuadrado2021' into Campo para ingresar la confirmacion de la contrasena, Ana clicks on Checkbox para terminos, Ana clicks on Checkbox para politicas]], Then podra ver el contenido de la pagina
| strMensaje |
| The last step | [Then valida registro]]
[Test worker] INFO net.thucydides.core.steps.ConsoleLoggingListener - 
        __    _____ _____ ____ _____   ____   _    ____  ____  _____ ____  
  _     \ \  |_   _| ____/ ___|_   _| |  _ \ / \  / ___|/ ___|| ____|  _ \ 
 (_)_____| |   | | |  _| \___ \ | |   | |_) / _ \ \___ \\___ \|  _| | | | |
  _|_____| |   | | | |___ ___) || |   |  __/ ___ \ ___) |___) | |___| |_| |
 (_)     | |   |_| |_____|____/ |_|   |_| /_/   \_\____/|____/|_____|____/ 
        /_/                                                                

TEST PASSED: Registro de usuario nuevo
----------------------------------------------------------------------------
]]></system-err>
</testsuite>
